[2019-07-09 10:50:49] - ERROR: Error:Expecting value: line 1 column 1 (char 0)
[2019-07-09 10:50:49] - ERROR: Error:Expecting value: line 1 column 1 (char 0)
[2019-07-09 10:50:49] - ERROR: Error:Expecting value: line 1 column 1 (char 0)
[2019-07-09 10:50:49] - ERROR: Error:Expecting value: line 1 column 1 (char 0)
[2019-07-09 10:50:49] - ERROR: Error:Expecting value: line 1 column 1 (char 0)
[2019-07-09 10:50:49] - ERROR: Error:Expecting value: line 1 column 1 (char 0)
[2019-07-09 10:50:49] - WARNING: ============TEST END============
[2019-07-09 10:50:49] - ERROR: 发送电子邮件为未知状态，请检查配置！
[2019-07-09 12:11:53] - INFO: 重新获取orc_admin_token成功
[2019-07-09 15:03:16] - INFO: 还原密码之后重新获取orc_token成功
[2019-07-09 15:03:16] - INFO: 还原密码之后重新获取orc_token成功
[2019-07-09 15:03:16] - INFO: 还原密码之后重新获取orc_token成功
[2019-07-09 15:03:17] - INFO: 还原密码之后重新获取orc_token成功
[2019-07-09 15:03:17] - INFO: 重新获取orc_admin_token成功
[2019-07-09 15:03:17] - ERROR: 还原密码之后重新获取orc_token失败
[2019-07-09 15:05:36] - INFO: 还原密码之后重新获取orc_token成功
[2019-07-09 15:05:36] - INFO: 还原密码之后重新获取orc_token成功
[2019-07-09 15:05:36] - INFO: 还原密码之后重新获取orc_token成功
[2019-07-09 15:05:36] - INFO: 还原密码之后重新获取orc_token成功
[2019-07-09 15:05:36] - INFO: 重新获取orc_admin_token成功
[2019-07-09 15:05:36] - INFO: orc admin密码还原成功
[2019-07-09 15:05:36] - INFO: 还原密码之后重新获取orc_token成功
[2019-07-09 15:35:24] - INFO: 还原密码之后重新获取orc_token成功
[2019-07-09 15:35:24] - INFO: 还原密码之后重新获取orc_token成功
[2019-07-09 15:35:24] - INFO: 还原密码之后重新获取orc_token成功
[2019-07-09 15:35:24] - INFO: 还原密码之后重新获取orc_token成功
[2019-07-09 15:35:24] - INFO: 重新获取orc_admin_token成功
[2019-07-09 15:35:24] - INFO: orc admin密码还原成功
[2019-07-09 15:35:24] - INFO: 还原密码之后重新获取orc_token成功
[2019-07-09 15:35:24] - WARNING: ============TEST END============
[2019-07-09 15:35:24] - ERROR: 发送电子邮件为未知状态，请检查配置！
[2019-07-09 17:01:33] - INFO: 还原密码之后重新获取orc_token成功
[2019-07-09 17:01:34] - INFO: 还原密码之后重新获取orc_token成功
[2019-07-09 17:01:34] - INFO: 还原密码之后重新获取orc_token成功
[2019-07-09 17:01:34] - INFO: 还原密码之后重新获取orc_token成功
[2019-07-09 17:01:34] - INFO: 重新获取orc_admin_token成功
[2019-07-09 17:01:34] - INFO: orc admin密码还原成功
[2019-07-09 17:01:34] - INFO: 还原密码之后重新获取orc_token成功
[2019-07-09 17:01:34] - WARNING: ============TEST END============
[2019-07-09 17:01:34] - ERROR: 发送电子邮件为未知状态，请检查配置！
[2019-07-09 17:02:36] - INFO: 还原密码之后重新获取orc_token成功
[2019-07-09 17:02:36] - INFO: 还原密码之后重新获取orc_token成功
[2019-07-09 17:02:36] - INFO: 还原密码之后重新获取orc_token成功
[2019-07-09 17:02:36] - INFO: 还原密码之后重新获取orc_token成功
[2019-07-09 17:02:37] - INFO: 重新获取orc_admin_token成功
[2019-07-09 17:02:37] - INFO: orc admin密码还原成功
[2019-07-09 17:02:37] - INFO: 还原密码之后重新获取orc_token成功
[2019-07-09 17:02:37] - WARNING: ============TEST END============
[2019-07-09 17:02:37] - ERROR: 发送电子邮件为未知状态，请检查配置！
