[2019-07-10 23:39:51] - INFO: ----------测试开始----------
[2019-07-10 23:39:51] - test01_OrcLogin.py, Line 30]  - INFO: ----------test_login01----------
[2019-07-10 23:39:51] - INFO: 第一步: 获取请求数据
[2019-07-10 23:39:51] - INFO: 请求方法：post
[2019-07-10 23:39:51] - INFO: url：http://192.168.0.103:3002/orchestrator_admin/login
[2019-07-10 23:39:51] - INFO: 请求数据：{'username': 'orc_admin', 'password': 'orc_admin'}
[2019-07-10 23:39:51] - INFO: 第二步:发送请求，获取返回数据：
[2019-07-10 23:39:51] - INFO: {
  "_id": "5be12191a30debdbb49f3508",
  "username": "orc_admin",
  "status": true,
  "orchestrator_admin_token": "eyJhbGciOiJIUzI1NiIsInR5cCI6IkpXVCJ9.eyJzdWIiOiJvcmNfYWRtaW4iLCJhdWQiOiJQYW5lbCIsImlzcyI6IlBhbmVsIiwiaWF0IjoxNTYyNzczMTQwfQ.dyVIzRmuqATlHgTSYMTKrDN8XnbjOqqvKbYIbQbH-AY"
}
[2019-07-10 23:39:51] - test01_OrcLogin.py, Line 42]  - INFO: 提取orc_token
[2019-07-10 23:39:51] - test01_OrcLogin.py, Line 42]  - INFO: eyJhbGciOiJIUzI1NiIsInR5cCI6IkpXVCJ9.eyJzdWIiOiJvcmNfYWRtaW4iLCJhdWQiOiJQYW5lbCIsImlzcyI6IlBhbmVsIiwiaWF0IjoxNTYyNzczMTQwfQ.dyVIzRmuqATlHgTSYMTKrDN8XnbjOqqvKbYIbQbH-AY
[2019-07-10 23:39:51] - INFO: 第三步：断言
[2019-07-10 23:39:51] - INFO: ----------测试结束----------
[2019-07-10 23:39:51] - INFO: *******************************************
[2019-07-10 23:39:51] - INFO: ----------测试开始----------
[2019-07-10 23:39:51] - test01_OrcLogin.py, Line 62]  - INFO: ----------test_login02----------
[2019-07-10 23:39:51] - INFO: 第一步: 获取请求数据
[2019-07-10 23:39:51] - INFO: 请求方法：post
[2019-07-10 23:39:51] - INFO: url：http://192.168.0.103:3002/orchestrator_admin/login
[2019-07-10 23:39:51] - INFO: 请求数据：{'username': 'orc_admin', 'password': '654321'}
[2019-07-10 23:39:52] - INFO: 第二步:发送请求，获取返回数据：
[2019-07-10 23:39:52] - INFO: {
  "status": false,
  "err": {
    "code": 400,
    "message": "Username or password error"
  }
}
[2019-07-10 23:39:52] - INFO: 第三步：断言
[2019-07-10 23:39:52] - INFO: ----------测试结束----------
[2019-07-10 23:39:52] - INFO: *******************************************
[2019-07-10 23:39:52] - INFO: ----------测试开始----------
[2019-07-10 23:39:52] - test01_OrcLogin.py, Line 83]  - INFO: ----------test_login03----------
[2019-07-10 23:39:52] - INFO: 第一步: 获取请求数据
[2019-07-10 23:39:52] - INFO: 请求方法：post
[2019-07-10 23:39:52] - INFO: url：http://192.168.0.103:3002/orchestrator_admin/login
[2019-07-10 23:39:52] - INFO: 请求数据：{'username': 'orc_admin1', 'password': '123456'}
[2019-07-10 23:39:52] - INFO: 第二步:发送请求，获取返回数据：
[2019-07-10 23:39:52] - INFO: {
  "status": false,
  "err": {
    "code": 404,
    "message": "Username does not exists"
  }
}
[2019-07-10 23:39:52] - INFO: 第三步：断言
[2019-07-10 23:39:52] - INFO: ----------测试结束----------
[2019-07-10 23:39:52] - INFO: *******************************************
[2019-07-10 23:39:52] - INFO: ----------测试开始----------
[2019-07-10 23:39:52] - test01_OrcLogin.py, Line 105]  - INFO: ----------test_login04----------
[2019-07-10 23:39:52] - INFO: 第一步: 获取请求数据
[2019-07-10 23:39:52] - INFO: 请求方法：post
[2019-07-10 23:39:52] - INFO: url：http://192.168.0.103:3002/orchestrator_admin/login
[2019-07-10 23:39:52] - INFO: 请求数据：{'password': '123456'}
[2019-07-10 23:39:52] - INFO: 第二步:发送请求，获取返回数据：
[2019-07-10 23:39:52] - INFO: {
  "status": false,
  "err": {
    "code": 400,
    "message": "Username is needed"
  }
}
[2019-07-10 23:39:52] - INFO: 第三步：断言
[2019-07-10 23:39:52] - INFO: ----------测试结束----------
[2019-07-10 23:39:52] - INFO: *******************************************
[2019-07-10 23:39:52] - INFO: ----------测试开始----------
[2019-07-10 23:39:52] - test01_OrcLogin.py, Line 126]  - INFO: ----------test_login05----------
[2019-07-10 23:39:52] - INFO: 第一步: 获取请求数据
[2019-07-10 23:39:52] - INFO: 请求方法：post
[2019-07-10 23:39:52] - INFO: url：http://192.168.0.103:3002/orchestrator_admin/login
[2019-07-10 23:39:52] - INFO: 请求数据：{'username': 'orc_admin'}
[2019-07-10 23:39:52] - INFO: 第二步:发送请求，获取返回数据：
[2019-07-10 23:39:52] - INFO: {
  "status": false,
  "err": {
    "code": 400,
    "message": "Password is needed"
  }
}
[2019-07-10 23:39:52] - INFO: 第三步：断言
[2019-07-10 23:39:52] - INFO: ----------测试结束----------
[2019-07-10 23:39:52] - INFO: *******************************************
[2019-07-10 23:40:32] - INFO: ----------测试开始----------
[2019-07-10 23:40:32] - test01_OrcLogin.py, Line 30]  - INFO: ----------test_login01----------
[2019-07-10 23:40:32] - INFO: 第一步: 获取请求数据
[2019-07-10 23:40:32] - INFO: 请求方法：post
[2019-07-10 23:40:32] - INFO: url：http://192.168.0.103:3002/orchestrator_admin/login
[2019-07-10 23:40:32] - INFO: 请求数据：{'username': 'orc_admin', 'password': 'orc_admin'}
[2019-07-10 23:40:32] - INFO: 第二步:发送请求，获取返回数据：
[2019-07-10 23:40:32] - INFO: {
  "_id": "5be12191a30debdbb49f3508",
  "username": "orc_admin",
  "status": true,
  "orchestrator_admin_token": "eyJhbGciOiJIUzI1NiIsInR5cCI6IkpXVCJ9.eyJzdWIiOiJvcmNfYWRtaW4iLCJhdWQiOiJQYW5lbCIsImlzcyI6IlBhbmVsIiwiaWF0IjoxNTYyNzczMTgxfQ.xRgBMlskfHwx-XrM_8pjI0W1XWD9GQfUuHnxbjUrRlU"
}
[2019-07-10 23:40:32] - test01_OrcLogin.py, Line 42]  - INFO: 提取orc_token
[2019-07-10 23:40:32] - test01_OrcLogin.py, Line 42]  - INFO: eyJhbGciOiJIUzI1NiIsInR5cCI6IkpXVCJ9.eyJzdWIiOiJvcmNfYWRtaW4iLCJhdWQiOiJQYW5lbCIsImlzcyI6IlBhbmVsIiwiaWF0IjoxNTYyNzczMTgxfQ.xRgBMlskfHwx-XrM_8pjI0W1XWD9GQfUuHnxbjUrRlU
[2019-07-10 23:40:32] - INFO: 第三步：断言
[2019-07-10 23:40:32] - INFO: ----------测试结束----------
[2019-07-10 23:40:32] - INFO: ======================================
[2019-07-10 23:40:33] - INFO: ----------测试开始----------
[2019-07-10 23:40:33] - test01_OrcLogin.py, Line 62]  - INFO: ----------test_login02----------
[2019-07-10 23:40:33] - INFO: 第一步: 获取请求数据
[2019-07-10 23:40:33] - INFO: 请求方法：post
[2019-07-10 23:40:33] - INFO: url：http://192.168.0.103:3002/orchestrator_admin/login
[2019-07-10 23:40:33] - INFO: 请求数据：{'username': 'orc_admin', 'password': '654321'}
[2019-07-10 23:40:33] - INFO: 第二步:发送请求，获取返回数据：
[2019-07-10 23:40:33] - INFO: {
  "status": false,
  "err": {
    "code": 400,
    "message": "Username or password error"
  }
}
[2019-07-10 23:40:33] - INFO: 第三步：断言
[2019-07-10 23:40:33] - INFO: ----------测试结束----------
[2019-07-10 23:40:33] - INFO: ======================================
[2019-07-10 23:40:33] - INFO: ----------测试开始----------
[2019-07-10 23:40:33] - test01_OrcLogin.py, Line 83]  - INFO: ----------test_login03----------
[2019-07-10 23:40:33] - INFO: 第一步: 获取请求数据
[2019-07-10 23:40:33] - INFO: 请求方法：post
[2019-07-10 23:40:33] - INFO: url：http://192.168.0.103:3002/orchestrator_admin/login
[2019-07-10 23:40:33] - INFO: 请求数据：{'username': 'orc_admin1', 'password': '123456'}
[2019-07-10 23:40:33] - INFO: 第二步:发送请求，获取返回数据：
[2019-07-10 23:40:33] - INFO: {
  "status": false,
  "err": {
    "code": 404,
    "message": "Username does not exists"
  }
}
[2019-07-10 23:40:33] - INFO: 第三步：断言
[2019-07-10 23:40:33] - INFO: ----------测试结束----------
[2019-07-10 23:40:33] - INFO: ======================================
[2019-07-10 23:40:33] - INFO: ----------测试开始----------
[2019-07-10 23:40:33] - test01_OrcLogin.py, Line 105]  - INFO: ----------test_login04----------
[2019-07-10 23:40:33] - INFO: 第一步: 获取请求数据
[2019-07-10 23:40:33] - INFO: 请求方法：post
[2019-07-10 23:40:33] - INFO: url：http://192.168.0.103:3002/orchestrator_admin/login
[2019-07-10 23:40:33] - INFO: 请求数据：{'password': '123456'}
[2019-07-10 23:40:33] - INFO: 第二步:发送请求，获取返回数据：
[2019-07-10 23:40:33] - INFO: {
  "status": false,
  "err": {
    "code": 400,
    "message": "Username is needed"
  }
}
[2019-07-10 23:40:33] - INFO: 第三步：断言
[2019-07-10 23:40:33] - INFO: ----------测试结束----------
[2019-07-10 23:40:33] - INFO: ======================================
[2019-07-10 23:40:33] - INFO: ----------测试开始----------
[2019-07-10 23:40:33] - test01_OrcLogin.py, Line 126]  - INFO: ----------test_login05----------
[2019-07-10 23:40:33] - INFO: 第一步: 获取请求数据
[2019-07-10 23:40:33] - INFO: 请求方法：post
[2019-07-10 23:40:33] - INFO: url：http://192.168.0.103:3002/orchestrator_admin/login
[2019-07-10 23:40:33] - INFO: 请求数据：{'username': 'orc_admin'}
[2019-07-10 23:40:33] - INFO: 第二步:发送请求，获取返回数据：
[2019-07-10 23:40:33] - INFO: {
  "status": false,
  "err": {
    "code": 400,
    "message": "Password is needed"
  }
}
[2019-07-10 23:40:33] - INFO: 第三步：断言
[2019-07-10 23:40:33] - INFO: ----------测试结束----------
[2019-07-10 23:40:33] - INFO: ======================================
