[   INFO] [2019-05-15 10:14:20] 测试通过
[   INFO] [2019-05-15 10:14:34] 测试通过
[   INFO] [2019-05-15 10:18:03] 测试通过
[  ERROR] [2019-05-15 10:18:44] 测试不通过：'orchestrator_admin_token'
[  ERROR] [2019-05-15 10:20:06] 测试不通过：Cannot convert {'status': False, 'err': {'code': 400, 'message': 'Username or password error'}} to Excel
[  ERROR] [2019-05-15 10:27:03] 测试不通过：Cannot convert {'_id': '5be12191a30debdbb49f3508', 'username': 'orc_admin', 'status': True, 'orchestrator_admin_token': 'eyJhbGciOiJIUzI1NiIsInR5cCI6IkpXVCJ9.eyJzdWIiOiJvcmNfYWRtaW4iLCJhdWQiOiJQYW5lbCIsImlzcyI6IlBhbmVsIiwiaWF0IjoxNTU3ODg3MjEyfQ.8-d-kUallvD-oAsgeTuhrgk8MWZsso4A2BfaV5ZJnAU'} to Excel
[  ERROR] [2019-05-15 10:29:12] 测试不通过：Cannot convert {'_id': '5be12191a30debdbb49f3508', 'username': 'orc_admin', 'status': True, 'orchestrator_admin_token': 'eyJhbGciOiJIUzI1NiIsInR5cCI6IkpXVCJ9.eyJzdWIiOiJvcmNfYWRtaW4iLCJhdWQiOiJQYW5lbCIsImlzcyI6IlBhbmVsIiwiaWF0IjoxNTU3ODg3MzQxfQ.wYaKw22tDQWHIZvaVLZEXcbiJR4XFNXOyIQM98Vp59o'} to Excel
[   INFO] [2019-05-15 10:36:53] 测试通过
[   INFO] [2019-05-15 10:37:24] 测试通过
[   INFO] [2019-05-15 10:37:53] 测试通过
[  ERROR] [2019-05-15 10:44:15] 测试不通过：False is not true
[  ERROR] [2019-05-15 10:44:43] 测试不通过：False is not true
[  ERROR] [2019-05-15 10:49:29] 测试不通过：False is not true
[  ERROR] [2019-05-15 10:50:21] 测试不通过：False is not true
[   INFO] [2019-05-15 10:50:58] 测试通过
[  ERROR] [2019-05-15 10:51:34] 测试不通过：'NoneType' object is not subscriptable
[  ERROR] [2019-05-15 10:53:52] 请求失败：'NoneType' object is not subscriptable
[  ERROR] [2019-05-15 10:53:52] 测试不通过：'NoneType' object is not subscriptable
[  ERROR] [2019-05-15 10:54:58] 请求失败：'NoneType' object is not subscriptable
[  ERROR] [2019-05-15 10:54:58] 测试不通过：'NoneType' object is not subscriptable
[  ERROR] [2019-05-15 11:34:29] 测试不通过：'NoneType' object is not subscriptable
[   INFO] [2019-05-15 11:35:22] 测试通过
[  ERROR] [2019-05-15 11:35:48] 测试不通过：'orchestrator_admin_token'
[  ERROR] [2019-05-15 11:48:26] 测试不通过：'orchestrator_admin_token'
[  ERROR] [2019-05-15 11:48:58] 请求失败：'orchestrator_admin_token'
[  ERROR] [2019-05-15 11:48:58] 测试不通过：False is not true
[  ERROR] [2019-05-15 11:49:39] 请求失败：'orchestrator_admin_token'
[  ERROR] [2019-05-15 11:49:39] 测试不通过：False is not true
[  ERROR] [2019-05-15 11:51:26] 测试不通过：False is not true
[   INFO] [2019-05-15 11:51:41] 测试通过
[  ERROR] [2019-05-15 11:52:20] 测试不通过：'NoneType' object is not subscriptable
[   INFO] [2019-05-15 15:13:38] 测试通过
[   INFO] [2019-05-15 15:14:15] 测试通过
[  ERROR] [2019-05-15 15:14:51] 测试失败：False is not true
